Compiling the CXX compiler identification source file "CMakeCXXCompilerId.cpp" failed.
Compiler: /Library/Developer/CommandLineTools/usr/bin/c++ 
Build flags: 
Id flags:  

The output was:
1
ld: library not found for -lc++
clang: error: linker command failed with exit code 1 (use -v to see invocation)


Determining if the Q_WS_X11 exist failed with the following output:
Change Dir: /Users/boulderzl/Dropbox/Air Team Folder/Simulation/NCSPICE/build/CMakeFiles/CMakeTmp

Run Build Command(s):/usr/bin/make -f Makefile cmTC_0dbcb/fast && /Library/Developer/CommandLineTools/usr/bin/make  -f CMakeFiles/cmTC_0dbcb.dir/build.make CMakeFiles/cmTC_0dbcb.dir/build
Building CXX object CMakeFiles/cmTC_0dbcb.dir/CheckSymbolExists.cxx.o
/Library/Developer/CommandLineTools/usr/bin/c++  -I/usr/local/include -F/usr/local/lib -isysroot /Library/Developer/CommandLineTools/SDKs/MacOSX11.1.sdk -mmacosx-version-min=11.0 -MD -MT CMakeFiles/cmTC_0dbcb.dir/CheckSymbolExists.cxx.o -MF CMakeFiles/cmTC_0dbcb.dir/CheckSymbolExists.cxx.o.d -o CMakeFiles/cmTC_0dbcb.dir/CheckSymbolExists.cxx.o -c "/Users/boulderzl/Dropbox/Air Team Folder/Simulation/NCSPICE/build/CMakeFiles/CMakeTmp/CheckSymbolExists.cxx"
/Users/boulderzl/Dropbox/Air Team Folder/Simulation/NCSPICE/build/CMakeFiles/CMakeTmp/CheckSymbolExists.cxx:8:19: error: use of undeclared identifier 'Q_WS_X11'
  return ((int*)(&Q_WS_X11))[argc];
                  ^
1 error generated.
make[1]: *** [CMakeFiles/cmTC_0dbcb.dir/CheckSymbolExists.cxx.o] Error 1
make: *** [cmTC_0dbcb/fast] Error 2


File /Users/boulderzl/Dropbox/Air Team Folder/Simulation/NCSPICE/build/CMakeFiles/CMakeTmp/CheckSymbolExists.cxx:
/* */
#include <QtCore/qglobal.h>

int main(int argc, char** argv)
{
  (void)argv;
#ifndef Q_WS_X11
  return ((int*)(&Q_WS_X11))[argc];
#else
  (void)argc;
  return 0;
#endif
}
Determining if the Q_WS_WIN exist failed with the following output:
Change Dir: /Users/boulderzl/Dropbox/Air Team Folder/Simulation/NCSPICE/build/CMakeFiles/CMakeTmp

Run Build Command(s):/usr/bin/make -f Makefile cmTC_8fd51/fast && /Library/Developer/CommandLineTools/usr/bin/make  -f CMakeFiles/cmTC_8fd51.dir/build.make CMakeFiles/cmTC_8fd51.dir/build
Building CXX object CMakeFiles/cmTC_8fd51.dir/CheckSymbolExists.cxx.o
/Library/Developer/CommandLineTools/usr/bin/c++  -I/usr/local/include -F/usr/local/lib -isysroot /Library/Developer/CommandLineTools/SDKs/MacOSX11.1.sdk -mmacosx-version-min=11.0 -MD -MT CMakeFiles/cmTC_8fd51.dir/CheckSymbolExists.cxx.o -MF CMakeFiles/cmTC_8fd51.dir/CheckSymbolExists.cxx.o.d -o CMakeFiles/cmTC_8fd51.dir/CheckSymbolExists.cxx.o -c "/Users/boulderzl/Dropbox/Air Team Folder/Simulation/NCSPICE/build/CMakeFiles/CMakeTmp/CheckSymbolExists.cxx"
/Users/boulderzl/Dropbox/Air Team Folder/Simulation/NCSPICE/build/CMakeFiles/CMakeTmp/CheckSymbolExists.cxx:8:19: error: use of undeclared identifier 'Q_WS_WIN'
  return ((int*)(&Q_WS_WIN))[argc];
                  ^
1 error generated.
make[1]: *** [CMakeFiles/cmTC_8fd51.dir/CheckSymbolExists.cxx.o] Error 1
make: *** [cmTC_8fd51/fast] Error 2


File /Users/boulderzl/Dropbox/Air Team Folder/Simulation/NCSPICE/build/CMakeFiles/CMakeTmp/CheckSymbolExists.cxx:
/* */
#include <QtCore/qglobal.h>

int main(int argc, char** argv)
{
  (void)argv;
#ifndef Q_WS_WIN
  return ((int*)(&Q_WS_WIN))[argc];
#else
  (void)argc;
  return 0;
#endif
}
Determining if the Q_WS_QWS exist failed with the following output:
Change Dir: /Users/boulderzl/Dropbox/Air Team Folder/Simulation/NCSPICE/build/CMakeFiles/CMakeTmp

Run Build Command(s):/usr/bin/make -f Makefile cmTC_6836a/fast && /Library/Developer/CommandLineTools/usr/bin/make  -f CMakeFiles/cmTC_6836a.dir/build.make CMakeFiles/cmTC_6836a.dir/build
Building CXX object CMakeFiles/cmTC_6836a.dir/CheckSymbolExists.cxx.o
/Library/Developer/CommandLineTools/usr/bin/c++  -I/usr/local/include -F/usr/local/lib -isysroot /Library/Developer/CommandLineTools/SDKs/MacOSX11.1.sdk -mmacosx-version-min=11.0 -MD -MT CMakeFiles/cmTC_6836a.dir/CheckSymbolExists.cxx.o -MF CMakeFiles/cmTC_6836a.dir/CheckSymbolExists.cxx.o.d -o CMakeFiles/cmTC_6836a.dir/CheckSymbolExists.cxx.o -c "/Users/boulderzl/Dropbox/Air Team Folder/Simulation/NCSPICE/build/CMakeFiles/CMakeTmp/CheckSymbolExists.cxx"
/Users/boulderzl/Dropbox/Air Team Folder/Simulation/NCSPICE/build/CMakeFiles/CMakeTmp/CheckSymbolExists.cxx:8:19: error: use of undeclared identifier 'Q_WS_QWS'
  return ((int*)(&Q_WS_QWS))[argc];
                  ^
1 error generated.
make[1]: *** [CMakeFiles/cmTC_6836a.dir/CheckSymbolExists.cxx.o] Error 1
make: *** [cmTC_6836a/fast] Error 2


File /Users/boulderzl/Dropbox/Air Team Folder/Simulation/NCSPICE/build/CMakeFiles/CMakeTmp/CheckSymbolExists.cxx:
/* */
#include <QtCore/qglobal.h>

int main(int argc, char** argv)
{
  (void)argv;
#ifndef Q_WS_QWS
  return ((int*)(&Q_WS_QWS))[argc];
#else
  (void)argc;
  return 0;
#endif
}
Compiling the C compiler identification source file "CMakeCCompilerId.c" failed.
Compiler: /Library/Developer/CommandLineTools/usr/bin/cc 
Build flags: 
Id flags:  

The output was:
1
ld: library not found for -lSystem
clang: error: linker command failed with exit code 1 (use -v to see invocation)


